20:48:08.546 ARDOPC Version 1.0.4.1j-BPQ
20:48:08.546 ARDOPC listening on port 8515
20:48:08.546 Capture Devices

20:48:08.548 Card 0, ID `NVidia', name `HDA NVidia'
20:48:08.548 
20:48:08.548 Card 1, ID `Generic', name `HD-Audio Generic'
20:48:08.548   Device hw:1,0 ID `ALC245 Analog', name `ALC245 Analog', 1 subdevices (1 available)
20:48:08.549     2 channels,  sampling rate 44100..192000 Hz
20:48:08.549 
20:48:08.549 Card 2, ID `acp', name `acp'
20:48:08.549   Device hw:2,0 ID `DMIC capture dmic-hifi-0', name `', 1 subdevices (1 available)
20:48:08.561     2 channels,  sampling rate 48000..48000 Hz
20:48:08.561 
20:48:08.562 Playback Devices

20:48:08.562 Card 0, ID `NVidia', name `HDA NVidia'
20:48:08.562   Device hw:0,3 ID `HDMI 0', name `HDMI 0', 1 subdevices (1 available)
20:48:08.597     2..8 channels, sampling rate 32000..192000 Hz
20:48:08.597   Device hw:0,7 ID `HDMI 1', name `HDMI 1', 1 subdevices (1 available)
20:48:08.597     2..8 channels, sampling rate 32000..192000 Hz
20:48:08.597   Device hw:0,8 ID `HDMI 2', name `HDMI 2', 1 subdevices (1 available)
20:48:08.597     2..8 channels, sampling rate 32000..192000 Hz
20:48:08.597   Device hw:0,9 ID `HDMI 3', name `HDMI 3', 1 subdevices (1 available)
20:48:08.597     2..8 channels, sampling rate 32000..192000 Hz
20:48:08.597 
20:48:08.597 Card 1, ID `Generic', name `HD-Audio Generic'
20:48:08.597   Device hw:1,0 ID `ALC245 Analog', name `ALC245 Analog', 1 subdevices (1 available)
20:48:08.597     2 channels,  sampling rate 48000..48000 Hz
20:48:08.597 
20:48:08.597 Card 2, ID `acp', name `acp'
20:48:08.597 
20:48:08.597 Opening Playback Device ARDOP Rate 12000
20:48:08.597 cannot open playback audio device ARDOP (No such file or directory)
20:48:08.597 ARDOPC listening on port 8515
